ToontownStart: Polling for game2 to finish...
ToontownStart: Game2 is finished.
ToontownStart: Starting the game.
ToontownStart: setting default font
TTLocalizer: Running in language: english
from toontown.toonbase.TTLocalizerEnglish import *
OTPLocalizer: Running in language: english
from otp.otpbase.OTPLocalizerEnglish import *
[(1280, 800), (1152, 720), (1024, 768), (1024, 640), (800, 600), (800, 500), (640, 480), (720, 480)]
ToontownStart: serverVersion:  tt2016-dev
Preloading avatars...
Done preloading avatars.
{401000001: <toontown.distributed.ToontownDistrict.ToontownDistrict instance at 0x120d91710>}
entering active SC menu
local
0
Reading DNA file... phase_4/dna/storage.dna
Reading DNA file... phase_3.5/dna/storage_interior.dna
Traceback (most recent call last):
  File "/Developer/Panda3D/direct/distributed/ConnectionRepository.py", line 609, in readerPollUntilEmpty
    while self.readerPollOnce():
  File "/Developer/Panda3D/direct/distributed/ConnectionRepository.py", line 616, in readerPollOnce
    self.handleDatagram(self.private__di)
  File "otp/distributed/OTPClientRepository.py", line 1873, in handleDatagram
    self.handler(msgType, di)
  File "otp/distributed/OTPClientRepository.py", line 1484, in handlePlayGame
    self.handleUpdateField(di)
  File "otp/distributed/OTPClientRepository.py", line 2191, in handleUpdateField
    self.__doUpdate(doId, di, ovUpdated)
  File "otp/distributed/OTPClientRepository.py", line 2199, in __doUpdate
    do.dclass.receiveUpdate(do, di)
  File "toontown/building/DistributedDoor.py", line 196, in setState
    self.fsm.request(state, [globalClockDelta.localElapsedTime(timestamp)])
  File "/Developer/Panda3D/direct/fsm/ClassicFSM.py", line 281, in request
    exitArgList)
  File "/Developer/Panda3D/direct/fsm/ClassicFSM.py", line 228, in __transition
    self.__enter(aState, enterArgList)
  File "/Developer/Panda3D/direct/fsm/ClassicFSM.py", line 214, in __enter
    aState.enter(argList)
  File "/Developer/Panda3D/direct/fsm/State.py", line 202, in enter
    self.__enterFunc(*argList)
  File "toontown/coghq/DistributedCogHQDoor.py", line 52, in enterClosing
    self.doorTrack = Parallel(Sequence(LerpHprInterval(nodePath=rightDoor, duration=1.0, hpr=VBase3(0, 0, 0), startHpr=VBase3(h, 0, 0), other=otherNP, blendType='easeInOut'), Func(doorFrameHoleRight.hide), Func(self.hideIfHasFlat, rightDoor)), Sequence(Wait(0.5), SoundInterval(self.closeSfx, node=rightDoor)), name=trackName)
NameError: global name 'VBase3' is not defined
Traceback (most recent call last):
  File "otp/otpbase/OTPBase.py", line 239, in run
    taskMgr.base.run()
  File "/Developer/Panda3D/direct/task/Task.py", line 517, in run
    self.step()
  File "/Developer/Panda3D/direct/task/Task.py", line 471, in step
    self.mgr.poll()
  File "/Developer/Panda3D/direct/distributed/ConnectionRepository.py", line 609, in readerPollUntilEmpty
    while self.readerPollOnce():
  File "/Developer/Panda3D/direct/distributed/ConnectionRepository.py", line 616, in readerPollOnce
    self.handleDatagram(self.private__di)
  File "otp/distributed/OTPClientRepository.py", line 1873, in handleDatagram
    self.handler(msgType, di)
  File "otp/distributed/OTPClientRepository.py", line 1484, in handlePlayGame
    self.handleUpdateField(di)
  File "otp/distributed/OTPClientRepository.py", line 2191, in handleUpdateField
    self.__doUpdate(doId, di, ovUpdated)
  File "otp/distributed/OTPClientRepository.py", line 2199, in __doUpdate
    do.dclass.receiveUpdate(do, di)
  File "toontown/building/DistributedDoor.py", line 196, in setState
    self.fsm.request(state, [globalClockDelta.localElapsedTime(timestamp)])
  File "/Developer/Panda3D/direct/fsm/ClassicFSM.py", line 281, in request
    exitArgList)
  File "/Developer/Panda3D/direct/fsm/ClassicFSM.py", line 228, in __transition
    self.__enter(aState, enterArgList)
  File "/Developer/Panda3D/direct/fsm/ClassicFSM.py", line 214, in __enter
    aState.enter(argList)
  File "/Developer/Panda3D/direct/fsm/State.py", line 202, in enter
    self.__enterFunc(*argList)
  File "toontown/coghq/DistributedCogHQDoor.py", line 52, in enterClosing
    self.doorTrack = Parallel(Sequence(LerpHprInterval(nodePath=rightDoor, duration=1.0, hpr=VBase3(0, 0, 0), startHpr=VBase3(h, 0, 0), other=otherNP, blendType='easeInOut'), Func(doorFrameHoleRight.hide), Func(self.hideIfHasFlat, rightDoor)), Sequence(Wait(0.5), SoundInterval(self.closeSfx, node=rightDoor)), name=trackName)
NameError: global name 'VBase3' is not defined
