ToontownStart: Polling for game2 to finish...
ToontownStart: Game2 is finished.
ToontownStart: Starting the game.
ToontownStart: setting default font
TTLocalizer: Running in language: english
from toontown.toonbase.TTLocalizerEnglish import *
OTPLocalizer: Running in language: english
from otp.otpbase.OTPLocalizerEnglish import *
ToontownStart: Loading default gui sounds
ToontownStart: serverVersion:  tt2016-dev
Preloading avatars...
Done preloading avatars.
{401000001: <toontown.distributed.ToontownDistrict.ToontownDistrict instance at 0x143FD738>}
entering active SC menu
local
1
Reading DNA file... phase_4/dna/storage.dna
Reading DNA file... phase_3.5/dna/storage_interior.dna
Traceback (most recent call last):
  File "C:\Panda3D-1.9.0\direct\distributed\ConnectionRepository.py", line 613, in readerPollUntilEmpty
    while self.readerPollOnce():
  File "C:\Panda3D-1.9.0\direct\distributed\ConnectionRepository.py", line 620, in readerPollOnce
    self.handleDatagram(self.private__di)
  File "otp\distributed\OTPClientRepository.py", line 1873, in handleDatagram
    self.handler(msgType, di)
  File "otp\distributed\OTPClientRepository.py", line 1480, in handlePlayGame
    self.handleGenerateWithRequired(di)
  File "otp\distributed\OTPClientRepository.py", line 1944, in handleGenerateWithRequired
    distObj = self.generateWithRequiredFields(dclass, doId, di, parentId, zoneId)
  File "C:\Panda3D-1.9.0\direct\distributed\ClientRepositoryBase.py", line 265, in generateWithRequiredFields
    distObj.updateRequiredFields(dclass, di)
  File "C:\Panda3D-1.9.0\direct\distributed\DistributedObject.py", line 336, in updateRequiredFields
    dclass.receiveUpdateBroadcastRequired(self, di)
  File "toontown\battle\DistributedBattle.py", line 67, in setMembers
    oldtoons = DistributedBattleBase.DistributedBattleBase.setMembers(self, suits, suitsJoining, suitsPending, suitsActive, suitsLured, suitTraps, toons, toonsJoining, toonsPending, toonsActive, toonsRunning, timestamp)
  File "toontown\battle\DistributedBattleBase.py", line 523, in setMembers
    base.cr.playGame.getPlace().enterZone(self.zoneId)
  File "toontown\battle\BattlePlace.py", line 93, in enterZone
    self.doEnterZone(newZoneId)
  File "toontown\battle\BattlePlace.py", line 101, in doEnterZone
    visList = base.cr.playGame.getPlace().loader.zoneVisDict[newZoneId]
AttributeError: BossbotCogHQLoader instance has no attribute 'zoneVisDict'
Traceback (most recent call last):
  File "otp\otpbase\OTPBase.py", line 239, in run
    taskMgr.base.run()
  File "C:\Panda3D-1.9.0\direct\task\Task.py", line 502, in run
    self.step()
  File "C:\Panda3D-1.9.0\direct\task\Task.py", line 460, in step
    self.mgr.poll()
  File "C:\Panda3D-1.9.0\direct\distributed\ConnectionRepository.py", line 613, in readerPollUntilEmpty
    while self.readerPollOnce():
  File "C:\Panda3D-1.9.0\direct\distributed\ConnectionRepository.py", line 620, in readerPollOnce
    self.handleDatagram(self.private__di)
  File "otp\distributed\OTPClientRepository.py", line 1873, in handleDatagram
    self.handler(msgType, di)
  File "otp\distributed\OTPClientRepository.py", line 1480, in handlePlayGame
    self.handleGenerateWithRequired(di)
  File "otp\distributed\OTPClientRepository.py", line 1944, in handleGenerateWithRequired
    distObj = self.generateWithRequiredFields(dclass, doId, di, parentId, zoneId)
  File "C:\Panda3D-1.9.0\direct\distributed\ClientRepositoryBase.py", line 265, in generateWithRequiredFields
    distObj.updateRequiredFields(dclass, di)
  File "C:\Panda3D-1.9.0\direct\distributed\DistributedObject.py", line 336, in updateRequiredFields
    dclass.receiveUpdateBroadcastRequired(self, di)
  File "toontown\battle\DistributedBattle.py", line 67, in setMembers
    oldtoons = DistributedBattleBase.DistributedBattleBase.setMembers(self, suits, suitsJoining, suitsPending, suitsActive, suitsLured, suitTraps, toons, toonsJoining, toonsPending, toonsActive, toonsRunning, timestamp)
  File "toontown\battle\DistributedBattleBase.py", line 523, in setMembers
    base.cr.playGame.getPlace().enterZone(self.zoneId)
  File "toontown\battle\BattlePlace.py", line 93, in enterZone
    self.doEnterZone(newZoneId)
  File "toontown\battle\BattlePlace.py", line 101, in doEnterZone
    visList = base.cr.playGame.getPlace().loader.zoneVisDict[newZoneId]
AttributeError: BossbotCogHQLoader instance has no attribute 'zoneVisDict'
