ToontownStart: Polling for game2 to finish...
ToontownStart: Game2 is finished.
ToontownStart: Starting the game.
ToontownStart: setting default font
TTLocalizer: Running in language: english
from toontown.toonbase.TTLocalizerEnglish import *
OTPLocalizer: Running in language: english
from otp.otpbase.OTPLocalizerEnglish import *
[(1280, 800), (1152, 720), (1024, 768), (1024, 640), (800, 600), (800, 500), (640, 480), (720, 480)]
ToontownStart: Loading default gui sounds
ToontownStart: serverVersion:  tt2016-dev
Preloading avatars...
Done preloading avatars.
Traceback (most recent call last):
  File "/Developer/Panda3D/pandac/panda3dCoreModules.py", line 40, in doTask
    task.callback(*task.callbackArgs)
  File "/Developer/Panda3D/direct/distributed/ConnectionRepository.py", line 560, in httpConnectCallback
    successCallback(*successArgs)
  File "otp/distributed/OTPClientRepository.py", line 476, in _sendHello
    datagram.addUint16(CLIENT_HELLO)
NameError: global name 'CLIENT_HELLO' is not defined
Traceback (most recent call last):
  File "otp/otpbase/OTPBase.py", line 239, in run
    taskMgr.base.run()
  File "/Developer/Panda3D/direct/task/Task.py", line 510, in run
    self.step()
  File "/Developer/Panda3D/direct/task/Task.py", line 467, in step
    self.mgr.poll()
  File "/Developer/Panda3D/pandac/panda3dCoreModules.py", line 40, in doTask
    task.callback(*task.callbackArgs)
  File "/Developer/Panda3D/direct/distributed/ConnectionRepository.py", line 560, in httpConnectCallback
    successCallback(*successArgs)
  File "otp/distributed/OTPClientRepository.py", line 476, in _sendHello
    datagram.addUint16(CLIENT_HELLO)
NameError: global name 'CLIENT_HELLO' is not defined
