ToontownStart: Polling for game2 to finish...
ToontownStart: Game2 is finished.
ToontownStart: Starting the game.
ToontownStart: setting default font
TTLocalizer: Running in language: english
from toontown.toonbase.TTLocalizerEnglish import *
OTPLocalizer: Running in language: english
from otp.otpbase.OTPLocalizerEnglish import *
[(1280, 800), (1152, 720), (1024, 768), (1024, 640), (800, 600), (800, 500), (640, 480), (720, 480)]
ToontownStart: serverVersion:  tt2016-dev
Preloading avatars...
Done preloading avatars.
{401000001: <toontown.distributed.ToontownDistrict.ToontownDistrict instance at 0x12953aa28>}
entering active SC menu
local
0
Reading DNA file... phase_4/dna/storage.dna
Reading DNA file... phase_3.5/dna/storage_interior.dna
Reading DNA file... phase_4/dna/storage_TT.dna
Reading DNA file... phase_4/dna/storage_TT_sz.dna
Reading DNA file... phase_4/dna/toontown_central_sz.dna
fisherman origin:  render/loader_data/toontownCentral/fishing_pond_1/npc_fisherman_origin_0
NodePath.iPosHpr() is deprecated.
NodePath.iPosHpr() is deprecated.
NodePath.iPosHpr() is deprecated.
NodePath.iPosHpr() is deprecated.
NodePath.iPosHpr() is deprecated.
NodePath.iPosHpr() is deprecated.
NodePath.iPosHpr() is deprecated.
NodePath.iPosHpr() is deprecated.
NodePath.iPosHpr() is deprecated.
Traceback (most recent call last):
  File "/Developer/Panda3D/direct/showbase/EventManager.py", line 46, in eventLoopTask
    self.doEvents()
  File "/Developer/Panda3D/direct/showbase/EventManager.py", line 40, in doEvents
    processFunc(self.eventQueue.dequeueEvent())
  File "/Developer/Panda3D/direct/showbase/EventManager.py", line 99, in processEvent
    messenger.send(eventName)
  File "/Developer/Panda3D/direct/showbase/Messenger.py", line 326, in send
    self.__dispatch(acceptorDict, event, sentArgs, foundWatch)
  File "/Developer/Panda3D/direct/showbase/Messenger.py", line 411, in __dispatch
    method (*(extraArgs + sentArgs))
  File "toontown/safezone/PublicWalk.py", line 59, in __handleOptionsEntry
    messenger.send(self.doneEvent, [doneStatus])
  File "/Developer/Panda3D/direct/showbase/Messenger.py", line 326, in send
    self.__dispatch(acceptorDict, event, sentArgs, foundWatch)
  File "/Developer/Panda3D/direct/showbase/Messenger.py", line 411, in __dispatch
    method (*(extraArgs + sentArgs))
  File "toontown/hood/Place.py", line 251, in handleWalkDone
    self.fsm.request('stickerBook', [base.localAvatar.optionsPage])
  File "/Developer/Panda3D/direct/fsm/ClassicFSM.py", line 281, in request
    exitArgList)
  File "/Developer/Panda3D/direct/fsm/ClassicFSM.py", line 228, in __transition
    self.__enter(aState, enterArgList)
  File "/Developer/Panda3D/direct/fsm/ClassicFSM.py", line 214, in __enter
    aState.enter(argList)
  File "/Developer/Panda3D/direct/fsm/State.py", line 202, in enter
    self.__enterFunc(*argList)
  File "toontown/hood/Place.py", line 314, in enterStickerBook
    base.localAvatar.book.setPage(page)
  File "toontown/shtiker/ShtikerBook.py", line 300, in setPage
    page.enter()
  File "toontown/shtiker/OptionsPage.py", line 109, in enter
    self.setMode(PageMode.Options, updateAnyways=1)
  File "toontown/shtiker/OptionsPage.py", line 133, in setMode
    self.optionsTabPage.enter()
  File "toontown/shtiker/OptionsPage.py", line 235, in enter
    if self.parent.book.safeMode:
AttributeError: 'panda3d.core.NodePath' object has no attribute 'book'
Traceback (most recent call last):
  File "otp/otpbase/OTPBase.py", line 239, in run
    taskMgr.base.run()
  File "/Developer/Panda3D/direct/task/Task.py", line 517, in run
    self.step()
  File "/Developer/Panda3D/direct/task/Task.py", line 471, in step
    self.mgr.poll()
  File "/Developer/Panda3D/direct/showbase/EventManager.py", line 46, in eventLoopTask
    self.doEvents()
  File "/Developer/Panda3D/direct/showbase/EventManager.py", line 40, in doEvents
    processFunc(self.eventQueue.dequeueEvent())
  File "/Developer/Panda3D/direct/showbase/EventManager.py", line 99, in processEvent
    messenger.send(eventName)
  File "/Developer/Panda3D/direct/showbase/Messenger.py", line 326, in send
    self.__dispatch(acceptorDict, event, sentArgs, foundWatch)
  File "/Developer/Panda3D/direct/showbase/Messenger.py", line 411, in __dispatch
    method (*(extraArgs + sentArgs))
  File "toontown/safezone/PublicWalk.py", line 59, in __handleOptionsEntry
    messenger.send(self.doneEvent, [doneStatus])
  File "/Developer/Panda3D/direct/showbase/Messenger.py", line 326, in send
    self.__dispatch(acceptorDict, event, sentArgs, foundWatch)
  File "/Developer/Panda3D/direct/showbase/Messenger.py", line 411, in __dispatch
    method (*(extraArgs + sentArgs))
  File "toontown/hood/Place.py", line 251, in handleWalkDone
    self.fsm.request('stickerBook', [base.localAvatar.optionsPage])
  File "/Developer/Panda3D/direct/fsm/ClassicFSM.py", line 281, in request
    exitArgList)
  File "/Developer/Panda3D/direct/fsm/ClassicFSM.py", line 228, in __transition
    self.__enter(aState, enterArgList)
  File "/Developer/Panda3D/direct/fsm/ClassicFSM.py", line 214, in __enter
    aState.enter(argList)
  File "/Developer/Panda3D/direct/fsm/State.py", line 202, in enter
    self.__enterFunc(*argList)
  File "toontown/hood/Place.py", line 314, in enterStickerBook
    base.localAvatar.book.setPage(page)
  File "toontown/shtiker/ShtikerBook.py", line 300, in setPage
    page.enter()
  File "toontown/shtiker/OptionsPage.py", line 109, in enter
    self.setMode(PageMode.Options, updateAnyways=1)
  File "toontown/shtiker/OptionsPage.py", line 133, in setMode
    self.optionsTabPage.enter()
  File "toontown/shtiker/OptionsPage.py", line 235, in enter
    if self.parent.book.safeMode:
AttributeError: 'panda3d.core.NodePath' object has no attribute 'book'
