ToontownStart: Polling for game2 to finish...
ToontownStart: Game2 is finished.
ToontownStart: Starting the game.
ToontownStart: setting default font
TTLocalizer: Running in language: english
from toontown.toonbase.TTLocalizerEnglish import *
OTPLocalizer: Running in language: english
from otp.otpbase.OTPLocalizerEnglish import *
ToontownStart: Loading default gui sounds
ToontownStart: serverVersion:  tt2016-dev
Preloading avatars...
Done preloading avatars.
{401000001: <toontown.distributed.ToontownDistrict.ToontownDistrict instance at 0x1F6D5120>}
entering active SC menu
local
0
Reading DNA file... phase_4/dna/storage.dna
Reading DNA file... phase_3.5/dna/storage_interior.dna
Reading DNA file... phase_4/dna/storage_TT.dna
Reading DNA file... phase_4/dna/storage_TT_sz.dna
Reading DNA file... phase_4/dna/toontown_central_sz.dna
fisherman origin:  render/loader_data/toontownCentral/fishing_pond_1/npc_fisherman_origin_0
Reading DNA file... phase_5/dna/storage_town.dna
Reading DNA file... phase_5/dna/storage_TT_town.dna
Reading DNA file... phase_5/dna/toontown_central_2200.dna
DNALandmarkBuilding sb42:toon_landmark_hqTT_DNARoot did not find **/*suit_building_origin
fisherman origin:  render/town_top_level/toontownCentral/2236/fishing_pond_1/npc_fisherman_origin_0
Battle Event localtoon-battle-event-3
Battle Event localtoon-battle-event-9
Battle Event localtoon-battle-event-15
entering active SC menu
frame rate: 17.2 fps|0.020d|4 avs||357|363||0x15ad|0x0405|409.5MB|538.0MB|1023.5MB|487|nt.2.6.1|2.294,2.294|1,1 cpus|OpenGL
ignoring InputState-forward
