ToontownStart: Polling for game2 to finish...
ToontownStart: Game2 is finished.
ToontownStart: Starting the game.
ToontownStart: setting default font
TTLocalizer: Running in language: english
from toontown.toonbase.TTLocalizerEnglish import *
OTPLocalizer: Running in language: english
from otp.otpbase.OTPLocalizerEnglish import *
[(1280, 800), (1152, 720), (1024, 768), (1024, 640), (800, 600), (800, 500), (640, 480), (720, 480)]
Traceback (most recent call last):
  File "/usr/lib/python2.7/runpy.py", line 162, in _run_module_as_main
    "__main__", fname, loader, pkg_name)
  File "/usr/lib/python2.7/runpy.py", line 72, in _run_code
    exec code in run_globals
  File "/Users/mauriceflannery/Documents/MyToontown/Toontown2016/toontown/toonbase/ToontownStart.py", line 96, in <module>
    pos=backgroundNodePath.find('**/fg').getPos())
  File "/Developer/Panda3D/direct/gui/OnscreenImage.py", line 49, in __init__
    self.setImage(image, parent = parent, sort = sort)
  File "/Developer/Panda3D/direct/gui/OnscreenImage.py", line 106, in setImage
    tex = loader.loadTexture(image)
  File "toontown/toonbase/ToontownLoader.py", line 86, in loadTexture
    ret = Loader.Loader.loadTexture(self, texturePath, alphaPath, okMissing=okMissing)
  File "/Developer/Panda3D/direct/showbase/Loader.py", line 623, in loadTexture
    raise IOError, message
IOError: Could not load texture: phase_3/maps/toontown-logo.jpg
