ToontownStart: Polling for game2 to finish...
ToontownStart: Game2 is finished.
ToontownStart: Starting the game.
ToontownStart: setting default font
TTLocalizer: Running in language: english
from toontown.toonbase.TTLocalizerEnglish import *
OTPLocalizer: Running in language: english
from otp.otpbase.OTPLocalizerEnglish import *
[(1280, 800), (1152, 720), (1024, 768), (1024, 640), (800, 600), (800, 500), (640, 480), (720, 480)]
ToontownStart: serverVersion:  tt2016-dev
Preloading avatars...
Done preloading avatars.
{401000001: <toontown.distributed.ToontownDistrict.ToontownDistrict instance at 0x11d845b00>}
entering active SC menu
local
0
Reading DNA file... phase_4/dna/storage.dna
Reading DNA file... phase_3.5/dna/storage_interior.dna
Reading DNA file... phase_4/dna/storage_TT.dna
Reading DNA file... phase_4/dna/storage_TT_sz.dna
Reading DNA file... phase_4/dna/toontown_central_sz.dna
fisherman origin:  render/loader_data/toontownCentral/fishing_pond_1/npc_fisherman_origin_0
NodePath.iPosHpr() is deprecated.
NodePath.iPosHpr() is deprecated.
NodePath.iPosHpr() is deprecated.
NodePath.iPosHpr() is deprecated.
NodePath.iPosHpr() is deprecated.
NodePath.iPosHpr() is deprecated.
NodePath.iPosHpr() is deprecated.
NodePath.iPosHpr() is deprecated.
NodePath.iPosHpr() is deprecated.
OnscreenText.configure: mayChange == 0
OnscreenText.configure: mayChange == 0
OnscreenText.configure: mayChange == 0
OnscreenText.configure: mayChange == 0
ignoring InputState-forward
entering active SC menu
local
0
Reading DNA file... phase_4/dna/storage.dna
Reading DNA file... phase_3.5/dna/storage_interior.dna
Reading DNA file... phase_8/dna/storage_BR.dna
Reading DNA file... phase_8/dna/storage_BR_sz.dna
Reading DNA file... phase_8/dna/the_burrrgh_sz.dna
empty flat building with no walls
DNALandmarkBuilding sb11:toon_landmark_BR_pet_shop_DNARoot did not find **/*suit_building_origin
NodePath.iPosHpr() is deprecated.
NodePath.iPosHpr() is deprecated.
NodePath.iPosHpr() is deprecated.
NodePath.iPosHpr() is deprecated.
NodePath.iPosHpr() is deprecated.
NodePath.iPosHpr() is deprecated.
NodePath.iPosHpr() is deprecated.
NodePath.iPosHpr() is deprecated.
NodePath.iPosHpr() is deprecated.
fisherman origin:  render/loader_data/theBurrrgh/fishing_pond_1/npc_fisherman_origin_0
OnscreenText.configure: mayChange == 0
OnscreenText.configure: mayChange == 0
OnscreenText.configure: mayChange == 0
OnscreenText.configure: mayChange == 0
OnscreenText.configure: mayChange == 0
OnscreenText.configure: mayChange == 0
OnscreenText.configure: mayChange == 0
OnscreenText.configure: mayChange == 0
OnscreenText.configure: mayChange == 0
OnscreenText.configure: mayChange == 0
OnscreenText.configure: mayChange == 0
OnscreenText.configure: mayChange == 0
OnscreenText.configure: mayChange == 0
OnscreenText.configure: mayChange == 0
OnscreenText.configure: mayChange == 0
OnscreenText.configure: mayChange == 0
ignoring InputState-forward
Traceback (most recent call last):
  File "/Developer/Panda3D/direct/showbase/EventManager.py", line 46, in eventLoopTask
    self.doEvents()
  File "/Developer/Panda3D/direct/showbase/EventManager.py", line 40, in doEvents
    processFunc(self.eventQueue.dequeueEvent())
  File "/Developer/Panda3D/direct/showbase/EventManager.py", line 97, in processEvent
    messenger.send(eventName, paramList)
  File "/Developer/Panda3D/direct/showbase/Messenger.py", line 326, in send
    self.__dispatch(acceptorDict, event, sentArgs, foundWatch)
  File "/Developer/Panda3D/direct/showbase/Messenger.py", line 411, in __dispatch
    method (*(extraArgs + sentArgs))
  File "/Developer/Panda3D/direct/gui/DirectButton.py", line 103, in commandFunc
    self['command'](*self['extraArgs'])
  File "/Developer/Panda3D/direct/gui/DirectDialog.py", line 176, in <lambda>
    command = lambda s = self, v = value: s.buttonCommand(v)
  File "/Developer/Panda3D/direct/gui/DirectDialog.py", line 339, in buttonCommand
    self['command'](value, *self['extraArgs'])
  File "otp/otpgui/OTPDialog.py", line 110, in handleButton
    messenger.send(self.__doneEvent)
  File "/Developer/Panda3D/direct/showbase/Messenger.py", line 326, in send
    self.__dispatch(acceptorDict, event, sentArgs, foundWatch)
  File "/Developer/Panda3D/direct/showbase/Messenger.py", line 411, in __dispatch
    method (*(extraArgs + sentArgs))
  File "toontown/login/AvatarChoice.py", line 204, in __handleVerifyDelete
    self.verifyDeleteWithPassword()
  File "toontown/login/AvatarChoice.py", line 216, in verifyDeleteWithPassword
    self.deleteWithPasswordFrame = DirectFrame(pos=(0.0, 0.1, 0.2), parent=aspect2dp, relief=None, image=DGG.getDefaultDialogGeom(), image_color=ToontownGlobals.GlobalDialogColor, image_scale=(1.4, 1.0, 1.0), text=deleteText, text_wordwrap=19, text_scale=TTLocalizer.ACdeleteWithPasswordFrame, text_pos=(0, 0.25), textMayChange=1, sortOrder=NO_FADE_SORT_INDEX)
NameError: global name 'NO_FADE_SORT_INDEX' is not defined
Traceback (most recent call last):
  File "otp/otpbase/OTPBase.py", line 239, in run
    taskMgr.base.run()
  File "/Developer/Panda3D/direct/task/Task.py", line 517, in run
    self.step()
  File "/Developer/Panda3D/direct/task/Task.py", line 471, in step
    self.mgr.poll()
  File "/Developer/Panda3D/direct/showbase/EventManager.py", line 46, in eventLoopTask
    self.doEvents()
  File "/Developer/Panda3D/direct/showbase/EventManager.py", line 40, in doEvents
    processFunc(self.eventQueue.dequeueEvent())
  File "/Developer/Panda3D/direct/showbase/EventManager.py", line 97, in processEvent
    messenger.send(eventName, paramList)
  File "/Developer/Panda3D/direct/showbase/Messenger.py", line 326, in send
    self.__dispatch(acceptorDict, event, sentArgs, foundWatch)
  File "/Developer/Panda3D/direct/showbase/Messenger.py", line 411, in __dispatch
    method (*(extraArgs + sentArgs))
  File "/Developer/Panda3D/direct/gui/DirectButton.py", line 103, in commandFunc
    self['command'](*self['extraArgs'])
  File "/Developer/Panda3D/direct/gui/DirectDialog.py", line 176, in <lambda>
    command = lambda s = self, v = value: s.buttonCommand(v)
  File "/Developer/Panda3D/direct/gui/DirectDialog.py", line 339, in buttonCommand
    self['command'](value, *self['extraArgs'])
  File "otp/otpgui/OTPDialog.py", line 110, in handleButton
    messenger.send(self.__doneEvent)
  File "/Developer/Panda3D/direct/showbase/Messenger.py", line 326, in send
    self.__dispatch(acceptorDict, event, sentArgs, foundWatch)
  File "/Developer/Panda3D/direct/showbase/Messenger.py", line 411, in __dispatch
    method (*(extraArgs + sentArgs))
  File "toontown/login/AvatarChoice.py", line 204, in __handleVerifyDelete
    self.verifyDeleteWithPassword()
  File "toontown/login/AvatarChoice.py", line 216, in verifyDeleteWithPassword
    self.deleteWithPasswordFrame = DirectFrame(pos=(0.0, 0.1, 0.2), parent=aspect2dp, relief=None, image=DGG.getDefaultDialogGeom(), image_color=ToontownGlobals.GlobalDialogColor, image_scale=(1.4, 1.0, 1.0), text=deleteText, text_wordwrap=19, text_scale=TTLocalizer.ACdeleteWithPasswordFrame, text_pos=(0, 0.25), textMayChange=1, sortOrder=NO_FADE_SORT_INDEX)
NameError: global name 'NO_FADE_SORT_INDEX' is not defined
