ToontownStart: Polling for game2 to finish...
ToontownStart: Game2 is finished.
ToontownStart: Starting the game.
ToontownStart: setting default font
TTLocalizer: Running in language: english
from toontown.toonbase.TTLocalizerEnglish import *
OTPLocalizer: Running in language: english
from otp.otpbase.OTPLocalizerEnglish import *
ToontownStart: Loading default gui sounds
ToontownStart: serverVersion:  tt2016-dev
Preloading avatars...
Done preloading avatars.
{401000001: <toontown.distributed.ToontownDistrict.ToontownDistrict instance at 0x135550D0>}
entering active SC menu
local
0
Reading DNA file... phase_3.5/dna/storage_tutorial.dna
Reading DNA file... phase_3.5/dna/storage_interior.dna
Reading DNA file... phase_3.5/dna/tutorial_street.dna
Hello there im a distributedTutorialInteriorAI
Setting up Toontorial dna! :D
Reading DNA file... phase_3.5/dna/tutorial_street.dna
entering active SC menu
entering active SC menu
entering active SC menu
Reading DNA file... phase_4/dna/storage.dna
Reading DNA file... phase_3.5/dna/storage_interior.dna
Reading DNA file... phase_4/dna/storage_TT.dna
Reading DNA file... phase_4/dna/storage_TT_sz.dna
Reading DNA file... phase_4/dna/toontown_central_sz.dna
fisherman origin:  render/loader_data/toontownCentral/fishing_pond_1/npc_fisherman_origin_0
ignoring InputState-forward
entering active SC menu
local
1
Reading DNA file... phase_4/dna/storage.dna
Reading DNA file... phase_3.5/dna/storage_interior.dna
Reading DNA file... phase_4/dna/storage_TT.dna
Reading DNA file... phase_4/dna/storage_TT_sz.dna
Reading DNA file... phase_4/dna/toontown_central_sz.dna
fisherman origin:  render/loader_data/toontownCentral/fishing_pond_1/npc_fisherman_origin_0
Reading DNA file... phase_5/dna/storage_town.dna
Reading DNA file... phase_5/dna/storage_TT_town.dna
Reading DNA file... phase_5/dna/toontown_central_2100.dna
DNALandmarkBuilding sb71:toon_landmark_hqTT_DNARoot did not find **/*suit_building_origin
fisherman origin:  render/town_top_level/toontownCentral/@@2156/fishing_pond_1/npc_fisherman_origin_0
OnscreenText.configure: mayChange == 0
OnscreenText.configure: mayChange == 0
OnscreenText.configure: mayChange == 0
OnscreenText.configure: mayChange == 0
OnscreenText.configure: mayChange == 0
OnscreenText.configure: mayChange == 0
OnscreenText.configure: mayChange == 0
OnscreenText.configure: mayChange == 0
Reading DNA file... phase_4/dna/storage_TT_sz.dna
Reading DNA file... phase_4/dna/toontown_central_sz.dna
fisherman origin:  render/loader_data/toontownCentral/fishing_pond_1/npc_fisherman_origin_0
Reading DNA file... phase_5/dna/storage_town.dna
Reading DNA file... phase_5/dna/storage_TT_town.dna
Reading DNA file... phase_5/dna/toontown_central_2200.dna
DNALandmarkBuilding sb42:toon_landmark_hqTT_DNARoot did not find **/*suit_building_origin
fisherman origin:  render/town_top_level/toontownCentral/2236/fishing_pond_1/npc_fisherman_origin_0
frame rate: 14.9 fps|0.026d|3 avs||621|631||0x15ad|0x0405|438.4MB|656.0MB|1023.5MB|581|nt.2.6.1|2.293,2.293|1,1 cpus|OpenGL
fisherman origin:  render/town_top_level/toontownCentral/2236/fishing_pond_1/npc_fisherman_origin_0
Battle Event localtoon-battle-event-3
entering active SC menu
Battle Event localtoon-battle-event-9
entering active SC menu
Reading DNA file... phase_5/dna/storage_town.dna
Reading DNA file... phase_5/dna/storage_TT_town.dna
Reading DNA file... phase_5/dna/toontown_central_2200.dna
DNALandmarkBuilding sb42:toon_landmark_hqTT_DNARoot did not find **/*suit_building_origin
frame rate: 19.4 fps|0.021d|2 avs||921|931||0x15ad|0x0405|482.7MB|739.7MB|1023.5MB|606|nt.2.6.1|2.293,2.293|1,1 cpus|OpenGL
fisherman origin:  render/town_top_level/toontownCentral/2236/fishing_pond_1/npc_fisherman_origin_0
Battle Event localtoon-battle-event-14
frame rate: 12.1 fps|0.032d|1 avs||1221|1231||0x15ad|0x0405|271.6MB|749.2MB|1023.5MB|610|nt.2.6.1|2.293,2.293|1,1 cpus|OpenGL
fisherman origin:  render/town_top_level/toontownCentral/2236/fishing_pond_1/npc_fisherman_origin_0
fisherman origin:  render/town_top_level/toontownCentral/2236/fishing_pond_1/npc_fisherman_origin_0
OnscreenText.configure: mayChange == 0
OnscreenText.configure: mayChange == 0
OnscreenText.configure: mayChange == 0
OnscreenText.configure: mayChange == 0
Reading DNA file... phase_5.5/dna/storage_estate.dna
Reading DNA file... phase_5.5/dna/estate_1.dna
frame rate: 4.4 fps|0.732d|0 avs||1532|1542||0x15ad|0x0405|276.3MB|758.1MB|1023.5MB|624|nt.2.6.1|2.293,2.293|1,1 cpus|OpenGL
Warning: NodePath.id() is deprecated.  Use hash(NodePath) or NodePath.get_key() instead.
Warning: NodePath.id() is deprecated.  Use hash(NodePath) or NodePath.get_key() instead.
Warning: NodePath.id() is deprecated.  Use hash(NodePath) or NodePath.get_key() instead.
Warning: NodePath.id() is deprecated.  Use hash(NodePath) or NodePath.get_key() instead.
Warning: NodePath.id() is deprecated.  Use hash(NodePath) or NodePath.get_key() instead.
Warning: NodePath.id() is deprecated.  Use hash(NodePath) or NodePath.get_key() instead.
Warning: NodePath.id() is deprecated.  Use hash(NodePath) or NodePath.get_key() instead.
Warning: NodePath.id() is deprecated.  Use hash(NodePath) or NodePath.get_key() instead.
Warning: NodePath.id() is deprecated.  Use hash(NodePath) or NodePath.get_key() instead.
Warning: NodePath.id() is deprecated.  Use hash(NodePath) or NodePath.get_key() instead.
Warning: NodePath.id() is deprecated.  Use hash(NodePath) or NodePath.get_key() instead.
frame rate: 13.3 fps|0.029d|0 avs||1832|1842||0x15ad|0x0405|231.3MB|777.2MB|1023.5MB|631|nt.2.6.1|2.293,2.293|1,1 cpus|OpenGL
OnscreenText.configure: mayChange == 0
OnscreenText.configure: mayChange == 0
OnscreenText.configure: mayChange == 0
OnscreenText.configure: mayChange == 0
OnscreenText.configure: mayChange == 0
OnscreenText.configure: mayChange == 0
OnscreenText.configure: mayChange == 0
OnscreenText.configure: mayChange == 0
OnscreenText.configure: mayChange == 0
OnscreenText.configure: mayChange == 0
OnscreenText.configure: mayChange == 0
OnscreenText.configure: mayChange == 0
OnscreenText.configure: mayChange == 0
OnscreenText.configure: mayChange == 0
OnscreenText.configure: mayChange == 0
OnscreenText.configure: mayChange == 0
frame rate: 15.6 fps|0.033d|0 avs||2132|2142||0x15ad|0x0405|235.1MB|777.5MB|1023.5MB|633|nt.2.6.1|2.293,2.293|1,1 cpus|OpenGL
ignoring InputState-forward
entering active SC menu
local
0
Reading DNA file... phase_4/dna/storage.dna
Reading DNA file... phase_3.5/dna/storage_interior.dna
OnscreenText.configure: mayChange == 0
OnscreenText.configure: mayChange == 0
OnscreenText.configure: mayChange == 0
OnscreenText.configure: mayChange == 0
Reading DNA file... phase_4/dna/storage_TT.dna
Reading DNA file... phase_4/dna/storage_TT_sz.dna
Reading DNA file... phase_4/dna/toontown_central_sz.dna
fisherman origin:  render/loader_data/toontownCentral/fishing_pond_1/npc_fisherman_origin_0
OnscreenText.configure: mayChange == 0
OnscreenText.configure: mayChange == 0
OnscreenText.configure: mayChange == 0
OnscreenText.configure: mayChange == 0
Reading DNA file... phase_5.5/dna/storage_estate.dna
Reading DNA file... phase_5.5/dna/estate_1.dna
OnscreenText.configure: mayChange == 0
OnscreenText.configure: mayChange == 0
OnscreenText.configure: mayChange == 0
OnscreenText.configure: mayChange == 0
OnscreenText.configure: mayChange == 0
OnscreenText.configure: mayChange == 0
OnscreenText.configure: mayChange == 0
OnscreenText.configure: mayChange == 0
Reading DNA file... phase_4/dna/storage_TT.dna
Reading DNA file... phase_4/dna/storage_TT_sz.dna
Reading DNA file... phase_4/dna/toontown_central_sz.dna
fisherman origin:  render/loader_data/toontownCentral/fishing_pond_1/npc_fisherman_origin_0
entering active SC menu
ignoring InputState-forward
