ToontownStart: Polling for game2 to finish...
ToontownStart: Game2 is finished.
ToontownStart: Starting the game.
ToontownStart: setting default font
TTLocalizer: Running in language: english
from toontown.toonbase.TTLocalizerEnglish import *
OTPLocalizer: Running in language: english
from otp.otpbase.OTPLocalizerEnglish import *
[(1280, 800), (1152, 720), (1024, 768), (1024, 640), (800, 600), (800, 500), (640, 480), (720, 480)]
ToontownStart: serverVersion:  tt2016-dev
Preloading avatars...
Done preloading avatars.
{401000001: <toontown.distributed.ToontownDistrict.ToontownDistrict instance at 0x12296f758>}
entering active SC menu
local
0
Reading DNA file... phase_4/dna/storage.dna
Reading DNA file... phase_3.5/dna/storage_interior.dna
Reading DNA file... phase_4/dna/storage_TT.dna
Reading DNA file... phase_4/dna/storage_TT_sz.dna
Reading DNA file... phase_4/dna/toontown_central_sz.dna
fisherman origin:  render/loader_data/toontownCentral/fishing_pond_1/npc_fisherman_origin_0
NodePath.iPosHpr() is deprecated.
NodePath.iPosHpr() is deprecated.
NodePath.iPosHpr() is deprecated.
NodePath.iPosHpr() is deprecated.
NodePath.iPosHpr() is deprecated.
NodePath.iPosHpr() is deprecated.
NodePath.iPosHpr() is deprecated.
NodePath.iPosHpr() is deprecated.
NodePath.iPosHpr() is deprecated.
OnscreenText.configure: mayChange == 0
OnscreenText.configure: mayChange == 0
OnscreenText.configure: mayChange == 0
OnscreenText.configure: mayChange == 0
OnscreenText.configure: mayChange == 0
OnscreenText.configure: mayChange == 0
OnscreenText.configure: mayChange == 0
OnscreenText.configure: mayChange == 0
OnscreenText.configure: mayChange == 0
OnscreenText.configure: mayChange == 0
OnscreenText.configure: mayChange == 0
OnscreenText.configure: mayChange == 0
ignoring InputState-forward
Traceback (most recent call last):
  File "/Developer/Panda3D/direct/distributed/ConnectionRepository.py", line 609, in readerPollUntilEmpty
    while self.readerPollOnce():
  File "/Developer/Panda3D/direct/distributed/ConnectionRepository.py", line 616, in readerPollOnce
    self.handleDatagram(self.private__di)
  File "otp/distributed/OTPClientRepository.py", line 1873, in handleDatagram
    self.handler(msgType, di)
  File "toontown/distributed/ToontownClientRepository.py", line 588, in handleCloseShard
    self.handleMessageType(msgType, di)
  File "otp/distributed/OTPClientRepository.py", line 1773, in handleMessageType
    self.gotInterestDoneMessage(di)
  File "otp/distributed/OTPClientRepository.py", line 1794, in gotInterestDoneMessage
    self.handleInterestDoneMessage(di)
  File "/Developer/Panda3D/direct/distributed/DoInterestManager.py", line 617, in handleInterestDoneMessage
    messenger.send(event)
  File "/Developer/Panda3D/direct/showbase/Messenger.py", line 326, in send
    self.__dispatch(acceptorDict, event, sentArgs, foundWatch)
  File "/Developer/Panda3D/direct/showbase/Messenger.py", line 411, in __dispatch
    method (*(extraArgs + sentArgs))
  File "/Developer/Panda3D/direct/showbase/PythonUtil.py", line 102, in _do__call__
    return self._function(*(self._args + args), **_kargs)
  File "toontown/distributed/ToontownClientRepository.py", line 673, in _tcrRemoveShardInterestDone
    callback()
  File "/Developer/Panda3D/direct/showbase/PythonUtil.py", line 102, in _do__call__
    return self._function(*(self._args + args), **_kargs)
  File "otp/distributed/OTPClientRepository.py", line 1367, in _removeShardInterestComplete
    self._callRemoveShardInterestCallback(callback, None)
  File "otp/distributed/OTPClientRepository.py", line 1372, in _callRemoveShardInterestCallback
    callback()
  File "/Developer/Panda3D/direct/showbase/PythonUtil.py", line 102, in _do__call__
    return self._function(*(self._args + args), **_kargs)
  File "/Developer/Panda3D/direct/fsm/ClassicFSM.py", line 281, in request
    exitArgList)
  File "/Developer/Panda3D/direct/fsm/ClassicFSM.py", line 227, in __transition
    self.__exitCurrent(exitArgList)
  File "/Developer/Panda3D/direct/fsm/ClassicFSM.py", line 185, in __exitCurrent
    self.__currentState.exit(argList)
  File "/Developer/Panda3D/direct/fsm/State.py", line 213, in exit
    self.__exitFunc(*argList)
  File "toontown/distributed/ToontownClientRepository.py", line 488, in exitPlayingGame
    base.localAvatar.deleteOrDelay()
  File "/Developer/Panda3D/direct/distributed/DistributedObject.py", line 201, in deleteOrDelay
    self.disableAnnounceAndDelete()
  File "/Developer/Panda3D/direct/distributed/DistributedObject.py", line 204, in disableAnnounceAndDelete
    self.disableAndAnnounce()
  File "/Developer/Panda3D/direct/distributed/DistributedObject.py", line 230, in disableAndAnnounce
    self.disable()
  File "toontown/toon/LocalToon.py", line 265, in disable
    self.book.unload()
  File "toontown/shtiker/ShtikerBook.py", line 141, in unload
    self.destroy()
  File "/Developer/Panda3D/direct/gui/DirectFrame.py", line 57, in destroy
    DirectGuiWidget.destroy(self)
  File "/Developer/Panda3D/direct/gui/DirectGuiBase.py", line 1050, in destroy
    simpleChildGui.destroy()
  File "/Developer/Panda3D/direct/gui/DirectFrame.py", line 57, in destroy
    DirectGuiWidget.destroy(self)
  File "/Developer/Panda3D/direct/gui/DirectGuiBase.py", line 1050, in destroy
    simpleChildGui.destroy()
  File "toontown/shtiker/OptionsPage.py", line 162, in destroy
    self.parent = None
AttributeError: attribute 'parent' of 'panda3d.core.NodePath' objects is not writable
Traceback (most recent call last):
  File "otp/otpbase/OTPBase.py", line 239, in run
    taskMgr.run()
  File "/Developer/Panda3D/direct/task/Task.py", line 517, in run
    self.step()
  File "/Developer/Panda3D/direct/task/Task.py", line 471, in step
    self.mgr.poll()
  File "/Developer/Panda3D/direct/distributed/ConnectionRepository.py", line 609, in readerPollUntilEmpty
    while self.readerPollOnce():
  File "/Developer/Panda3D/direct/distributed/ConnectionRepository.py", line 616, in readerPollOnce
    self.handleDatagram(self.private__di)
  File "otp/distributed/OTPClientRepository.py", line 1873, in handleDatagram
    self.handler(msgType, di)
  File "toontown/distributed/ToontownClientRepository.py", line 588, in handleCloseShard
    self.handleMessageType(msgType, di)
  File "otp/distributed/OTPClientRepository.py", line 1773, in handleMessageType
    self.gotInterestDoneMessage(di)
  File "otp/distributed/OTPClientRepository.py", line 1794, in gotInterestDoneMessage
    self.handleInterestDoneMessage(di)
  File "/Developer/Panda3D/direct/distributed/DoInterestManager.py", line 617, in handleInterestDoneMessage
    messenger.send(event)
  File "/Developer/Panda3D/direct/showbase/Messenger.py", line 326, in send
    self.__dispatch(acceptorDict, event, sentArgs, foundWatch)
  File "/Developer/Panda3D/direct/showbase/Messenger.py", line 411, in __dispatch
    method (*(extraArgs + sentArgs))
  File "/Developer/Panda3D/direct/showbase/PythonUtil.py", line 102, in _do__call__
    return self._function(*(self._args + args), **_kargs)
  File "toontown/distributed/ToontownClientRepository.py", line 673, in _tcrRemoveShardInterestDone
    callback()
  File "/Developer/Panda3D/direct/showbase/PythonUtil.py", line 102, in _do__call__
    return self._function(*(self._args + args), **_kargs)
  File "otp/distributed/OTPClientRepository.py", line 1367, in _removeShardInterestComplete
    self._callRemoveShardInterestCallback(callback, None)
  File "otp/distributed/OTPClientRepository.py", line 1372, in _callRemoveShardInterestCallback
    callback()
  File "/Developer/Panda3D/direct/showbase/PythonUtil.py", line 102, in _do__call__
    return self._function(*(self._args + args), **_kargs)
  File "/Developer/Panda3D/direct/fsm/ClassicFSM.py", line 281, in request
    exitArgList)
  File "/Developer/Panda3D/direct/fsm/ClassicFSM.py", line 227, in __transition
    self.__exitCurrent(exitArgList)
  File "/Developer/Panda3D/direct/fsm/ClassicFSM.py", line 185, in __exitCurrent
    self.__currentState.exit(argList)
  File "/Developer/Panda3D/direct/fsm/State.py", line 213, in exit
    self.__exitFunc(*argList)
  File "toontown/distributed/ToontownClientRepository.py", line 488, in exitPlayingGame
    base.localAvatar.deleteOrDelay()
  File "/Developer/Panda3D/direct/distributed/DistributedObject.py", line 201, in deleteOrDelay
    self.disableAnnounceAndDelete()
  File "/Developer/Panda3D/direct/distributed/DistributedObject.py", line 204, in disableAnnounceAndDelete
    self.disableAndAnnounce()
  File "/Developer/Panda3D/direct/distributed/DistributedObject.py", line 230, in disableAndAnnounce
    self.disable()
  File "toontown/toon/LocalToon.py", line 265, in disable
    self.book.unload()
  File "toontown/shtiker/ShtikerBook.py", line 141, in unload
    self.destroy()
  File "/Developer/Panda3D/direct/gui/DirectFrame.py", line 57, in destroy
    DirectGuiWidget.destroy(self)
  File "/Developer/Panda3D/direct/gui/DirectGuiBase.py", line 1050, in destroy
    simpleChildGui.destroy()
  File "/Developer/Panda3D/direct/gui/DirectFrame.py", line 57, in destroy
    DirectGuiWidget.destroy(self)
  File "/Developer/Panda3D/direct/gui/DirectGuiBase.py", line 1050, in destroy
    simpleChildGui.destroy()
  File "toontown/shtiker/OptionsPage.py", line 162, in destroy
    self.parent = None
AttributeError: attribute 'parent' of 'panda3d.core.NodePath' objects is not writable
