ToontownStart: Polling for game2 to finish...
ToontownStart: Game2 is finished.
ToontownStart: Starting the game.
ToontownStart: setting default font
TTLocalizer: Running in language: english
from toontown.toonbase.TTLocalizerEnglish import *
OTPLocalizer: Running in language: english
from otp.otpbase.OTPLocalizerEnglish import *
[(1280, 800), (1152, 720), (1024, 768), (1024, 640), (800, 600), (800, 500), (640, 480), (720, 480)]
ToontownStart: Loading default gui sounds
ToontownStart: serverVersion:  tt2016-dev
Preloading avatars...
Done preloading avatars.
Traceback (most recent call last):
  File "/System/Library/Frameworks/Python.framework/Versions/2.7/lib/python2.7/runpy.py", line 162, in _run_module_as_main
    "__main__", fname, loader, pkg_name)
  File "/System/Library/Frameworks/Python.framework/Versions/2.7/lib/python2.7/runpy.py", line 72, in _run_code
    exec code in run_globals
  File "/Users/mauriceflannery/Documents/MyToontown/Toontown2016/toontown/toonbase/ToontownStart.py", line 129, in <module>
    from toontown.distributed import ToontownClientRepository
  File "toontown/distributed/ToontownClientRepository.py", line 41, in <module>
    from toontown.makeatoon import MakeAToon
  File "toontown/makeatoon/MakeAToon.py", line 6, in <module>
    from toontown.toon import LocalToon
  File "toontown/toon/LocalToon.py", line 37, in <module>
    from toontown.shtiker import EventsPage
  File "toontown/shtiker/EventsPage.py", line 13, in <module>
    from toontown.parties.CalendarGuiMonth import CalendarGuiMonth
  File "toontown/parties/CalendarGuiMonth.py", line 7, in <module>
    from toontown.parties.CalendarGuiDay import CalendarGuiDay
  File "toontown/parties/CalendarGuiDay.py", line 11, in <module>
    from toontown.ai.NewsManager import NewsManager
  File "toontown/ai/NewsManager.py", line 9, in <module>
    import HalloweenHolidayDecorator
  File "toontown/ai/HalloweenHolidayDecorator.py", line 6, in <module>
    from toontown.safezone import Playground
  File "toontown/safezone/Playground.py", line 5, in <module>
    from toontown.hood import Place
  File "toontown/hood/Place.py", line 5, in <module>
    from direct.showbase.PythonUtil import PriorityCallbacks
ImportError: cannot import name PriorityCallbacks
