ToontownStart: Polling for game2 to finish...
ToontownStart: Game2 is finished.
ToontownStart: Starting the game.
ToontownStart: setting default font
TTLocalizer: Running in language: english
from toontown.toonbase.TTLocalizerEnglish import *
OTPLocalizer: Running in language: english
from otp.otpbase.OTPLocalizerEnglish import *
[(1280, 800), (1152, 720), (1024, 768), (1024, 640), (800, 600), (800, 500), (640, 480), (720, 480)]
ToontownStart: Loading default gui sounds
ToontownStart: serverVersion:  tt2016-dev
Preloading avatars...
Done preloading avatars.
{401000001: <toontown.distributed.ToontownDistrict.ToontownDistrict instance at 0x12192bfc8>}
{401000001: <toontown.distributed.ToontownDistrict.ToontownDistrict instance at 0x12192bfc8>}
entering active SC menu
local
0
Reading DNA file... phase_4/dna/storage.dna
Reading DNA file... phase_3.5/dna/storage_interior.dna
Reading DNA file... phase_4/dna/storage_TT.dna
Reading DNA file... phase_4/dna/storage_TT_sz.dna
Reading DNA file... phase_4/dna/toontown_central_sz.dna
fisherman origin:  render/loader_data/toontownCentral/fishing_pond_1/npc_fisherman_origin_0
frame rate: 14.6 fps|0.008d|4 avs||370|378||0x0000|0x0000|0.0MB|0.0MB|0.0MB|0|darwin.4.10.9|0.000,0.000|0,0 cpus|OpenGL
frame rate: 17.5 fps|0.019d|4 avs||670|678||0x0000|0x0000|0.0MB|0.0MB|0.0MB|0|darwin.4.10.9|0.000,0.000|0,0 cpus|OpenGL
frame rate: 19.3 fps|0.010d|4 avs||970|978||0x0000|0x0000|0.0MB|0.0MB|0.0MB|0|darwin.4.10.9|0.000,0.000|0,0 cpus|OpenGL
frame rate: 20.3 fps|0.006d|4 avs||1270|1278||0x0000|0x0000|0.0MB|0.0MB|0.0MB|0|darwin.4.10.9|0.000,0.000|0,0 cpus|OpenGL
OnscreenText.configure: mayChange == 0
OnscreenText.configure: mayChange == 0
OnscreenText.configure: mayChange == 0
OnscreenText.configure: mayChange == 0
Reading DNA file... phase_5/dna/storage_town.dna
Reading DNA file... phase_5/dna/storage_TT_town.dna
Reading DNA file... phase_5/dna/toontown_central_2300.dna
DNALandmarkBuilding sb32:toon_landmark_hqTT_DNARoot did not find **/*suit_building_origin
Battle Event localtoon-battle-event-3
chooseFireOpenShot <function avatarCloseUpThrowShot at 0x115ee1758>
chooseFireOpenShot <function allGroupLowShot at 0x115ee12a8>
Warning: NodePath.remove() is deprecated.  Use remove_node() instead.
OnscreenText.configure: mayChange == 0
OnscreenText.configure: mayChange == 0
OnscreenText.configure: mayChange == 0
OnscreenText.configure: mayChange == 0
frame rate: 21.7 fps|0.022d|2 avs||1570|1578||0x0000|0x0000|0.0MB|0.0MB|0.0MB|0|darwin.4.10.9|0.000,0.000|0,0 cpus|OpenGL
ignoring InputState-forward
