ToontownStart: Polling for game2 to finish...
ToontownStart: Game2 is finished.
ToontownStart: Starting the game.
ToontownStart: setting default font
TTLocalizer: Running in language: english
from toontown.toonbase.TTLocalizerEnglish import *
OTPLocalizer: Running in language: english
from otp.otpbase.OTPLocalizerEnglish import *
[(1280, 800), (1152, 720), (1024, 768), (1024, 640), (800, 600), (800, 500), (640, 480), (720, 480)]
ToontownStart: serverVersion:  tt2016-dev
Preloading avatars...
Done preloading avatars.
{401000001: <toontown.distributed.ToontownDistrict.ToontownDistrict instance at 0x126eca680>}
{401000001: <toontown.distributed.ToontownDistrict.ToontownDistrict instance at 0x126eca680>}
entering active SC menu
local
0
Reading DNA file... phase_4/dna/storage.dna
Reading DNA file... phase_3.5/dna/storage_interior.dna
Reading DNA file... phase_4/dna/storage_TT.dna
Reading DNA file... phase_4/dna/storage_TT_sz.dna
Reading DNA file... phase_4/dna/toontown_central_sz.dna
fisherman origin:  render/loader_data/toontownCentral/fishing_pond_1/npc_fisherman_origin_0
NodePath.iPosHpr() is deprecated.
NodePath.iPosHpr() is deprecated.
NodePath.iPosHpr() is deprecated.
NodePath.iPosHpr() is deprecated.
NodePath.iPosHpr() is deprecated.
NodePath.iPosHpr() is deprecated.
NodePath.iPosHpr() is deprecated.
NodePath.iPosHpr() is deprecated.
NodePath.iPosHpr() is deprecated.
OnscreenText.configure: mayChange == 0
OnscreenText.configure: mayChange == 0
OnscreenText.configure: mayChange == 0
OnscreenText.configure: mayChange == 0
OnscreenText.configure: mayChange == 0
OnscreenText.configure: mayChange == 0
OnscreenText.configure: mayChange == 0
OnscreenText.configure: mayChange == 0
ignoring InputState-forward
entering active SC menu
local
0
Reading DNA file... phase_4/dna/storage.dna
Reading DNA file... phase_3.5/dna/storage_interior.dna
Reading DNA file... phase_4/dna/storage_TT.dna
Reading DNA file... phase_4/dna/storage_TT_sz.dna
Reading DNA file... phase_4/dna/toontown_central_sz.dna
fisherman origin:  render/loader_data/toontownCentral/fishing_pond_1/npc_fisherman_origin_0
NodePath.iPosHpr() is deprecated.
NodePath.iPosHpr() is deprecated.
NodePath.iPosHpr() is deprecated.
NodePath.iPosHpr() is deprecated.
NodePath.iPosHpr() is deprecated.
NodePath.iPosHpr() is deprecated.
NodePath.iPosHpr() is deprecated.
NodePath.iPosHpr() is deprecated.
NodePath.iPosHpr() is deprecated.
OnscreenText.configure: mayChange == 0
OnscreenText.configure: mayChange == 0
OnscreenText.configure: mayChange == 0
OnscreenText.configure: mayChange == 0
entering active SC menu
Battle Event localtoon-battle-event-3
chooseFireOpenShot <function suitGroupThreeQuarterLeftBehindShot at 0x11f0adcf8>
chooseFireOpenShot <function avatarCloseUpFireShot at 0x11f0afa28>
Warning: NodePath.remove() is deprecated.  Use remove_node() instead.
chooseFireOpenShot <function suitGroupThreeQuarterLeftBehindShot at 0x11f0adcf8>
chooseFireOpenShot <function avatarCloseUpFireShot at 0x11f0afa28>
Warning: NodePath.remove() is deprecated.  Use remove_node() instead.
chooseFireOpenShot <function avatarCloseUpThrowShot at 0x11f0aded8>
chooseFireOpenShot <function avatarCloseUpFireShot at 0x11f0afa28>
Warning: NodePath.remove() is deprecated.  Use remove_node() instead.
frame rate: 50.6 fps|0.005d|38 avs||472|479||0x0000|0x0000|0.0MB|0.0MB|4096.0MB|0|darwin.6.10.11|2.300,2.300|2,4 cpus|OpenGL
entering active SC menu
entering active SC menu
chooseFireOpenShot <function avatarCloseUpThrowShot at 0x11f0aded8>
chooseFireOpenShot <function suitGroupThreeQuarterLeftBehindShot at 0x11f0adcf8>
Warning: NodePath.remove() is deprecated.  Use remove_node() instead.
chooseFireOpenShot <function avatarBehindShot at 0x11f0af230>
chooseFireOpenShot <function suitGroupThreeQuarterLeftBehindShot at 0x11f0adcf8>
Warning: NodePath.remove() is deprecated.  Use remove_node() instead.
entering active SC menu
entering active SC menu
chooseFireOpenShot <function allGroupLowShot at 0x11f0ada28>
chooseFireOpenShot <function avatarCloseUpFireShot at 0x11f0afa28>
Warning: NodePath.remove() is deprecated.  Use remove_node() instead.
chooseFireOpenShot <function suitGroupThreeQuarterLeftBehindShot at 0x11f0adcf8>
chooseFireOpenShot <function allGroupLowShot at 0x11f0ada28>
Warning: NodePath.remove() is deprecated.  Use remove_node() instead.
chooseFireOpenShot <function suitGroupThreeQuarterLeftBehindShot at 0x11f0adcf8>
chooseFireOpenShot <function avatarCloseUpFireShot at 0x11f0afa28>
Warning: NodePath.remove() is deprecated.  Use remove_node() instead.
frame rate: 44.7 fps|0.007d|33 avs||772|779||0x0000|0x0000|0.0MB|0.0MB|4096.0MB|0|darwin.6.10.11|2.300,2.300|2,4 cpus|OpenGL
entering active SC menu
entering active SC menu
chooseFireOpenShot <function avatarCloseUpThrowShot at 0x11f0aded8>
chooseFireOpenShot <function avatarCloseUpThreeQuarterLeftFireShot at 0x11f0afaa0>
Warning: NodePath.remove() is deprecated.  Use remove_node() instead.
chooseFireOpenShot <function avatarBehindShot at 0x11f0af230>
chooseFireOpenShot <function avatarCloseUpFireShot at 0x11f0afa28>
Warning: NodePath.remove() is deprecated.  Use remove_node() instead.
chooseFireOpenShot <function avatarBehindShot at 0x11f0af230>
chooseFireOpenShot <function suitGroupThreeQuarterLeftBehindShot at 0x11f0adcf8>
Warning: NodePath.remove() is deprecated.  Use remove_node() instead.
entering active SC menu
entering active SC menu
entering active SC menu
entering active SC menu
entering active SC menu
entering active SC menu
entering active SC menu
entering active SC menu
entering active SC menu
entering active SC menu
chooseFireOpenShot <function avatarCloseUpThreeQuarterRightShot at 0x11f0adf50>
chooseFireOpenShot <function allGroupLowShot at 0x11f0ada28>
Warning: NodePath.remove() is deprecated.  Use remove_node() instead.
entering active SC menu
chooseFireOpenShot <function allGroupLowShot at 0x11f0ada28>
chooseFireOpenShot <function avatarCloseUpThreeQuarterLeftFireShot at 0x11f0afaa0>
frame rate: 45.6 fps|0.005d|29 avs||1072|1079||0x0000|0x0000|0.0MB|0.0MB|4096.0MB|0|darwin.6.10.11|2.300,2.300|2,4 cpus|OpenGL
Warning: NodePath.remove() is deprecated.  Use remove_node() instead.
chooseFireOpenShot <function avatarBehindShot at 0x11f0af230>
chooseFireOpenShot <function allGroupLowShot at 0x11f0ada28>
entering active SC menu
Warning: NodePath.remove() is deprecated.  Use remove_node() instead.
entering active SC menu
entering active SC menu
chooseFireOpenShot <function avatarBehindShot at 0x11f0af230>
chooseFireOpenShot <function avatarCloseUpFireShot at 0x11f0afa28>
Warning: NodePath.remove() is deprecated.  Use remove_node() instead.
Traceback (most recent call last):
  File "/Developer/Panda3D/direct/distributed/ConnectionRepository.py", line 609, in readerPollUntilEmpty
    while self.readerPollOnce():
  File "/Developer/Panda3D/direct/distributed/ConnectionRepository.py", line 616, in readerPollOnce
    self.handleDatagram(self.private__di)
  File "otp/distributed/OTPClientRepository.py", line 1873, in handleDatagram
    self.handler(msgType, di)
  File "otp/distributed/OTPClientRepository.py", line 1480, in handlePlayGame
    self.handleGenerateWithRequired(di)
  File "otp/distributed/OTPClientRepository.py", line 1944, in handleGenerateWithRequired
    distObj = self.generateWithRequiredFields(dclass, doId, di, parentId, zoneId)
  File "/Developer/Panda3D/direct/distributed/ClientRepositoryBase.py", line 264, in generateWithRequiredFields
    distObj.updateRequiredFields(dclass, di)
  File "/Developer/Panda3D/direct/distributed/DistributedObject.py", line 342, in updateRequiredFields
    self.announceGenerate()
  File "toontown/building/DistributedDoor.py", line 203, in announceGenerate
    self.doPostAnnounceGenerate()
  File "toontown/building/DistributedDoor.py", line 210, in doPostAnnounceGenerate
    self.bHasFlat = not self.findDoorNode('door*flat', True).isEmpty()
AttributeError: 'NoneType' object has no attribute 'isEmpty'
Traceback (most recent call last):
  File "otp/otpbase/OTPBase.py", line 239, in run
    taskMgr.base.run()
  File "/Developer/Panda3D/direct/task/Task.py", line 517, in run
    self.step()
  File "/Developer/Panda3D/direct/task/Task.py", line 471, in step
    self.mgr.poll()
  File "/Developer/Panda3D/direct/distributed/ConnectionRepository.py", line 609, in readerPollUntilEmpty
    while self.readerPollOnce():
  File "/Developer/Panda3D/direct/distributed/ConnectionRepository.py", line 616, in readerPollOnce
    self.handleDatagram(self.private__di)
  File "otp/distributed/OTPClientRepository.py", line 1873, in handleDatagram
    self.handler(msgType, di)
  File "otp/distributed/OTPClientRepository.py", line 1480, in handlePlayGame
    self.handleGenerateWithRequired(di)
  File "otp/distributed/OTPClientRepository.py", line 1944, in handleGenerateWithRequired
    distObj = self.generateWithRequiredFields(dclass, doId, di, parentId, zoneId)
  File "/Developer/Panda3D/direct/distributed/ClientRepositoryBase.py", line 264, in generateWithRequiredFields
    distObj.updateRequiredFields(dclass, di)
  File "/Developer/Panda3D/direct/distributed/DistributedObject.py", line 342, in updateRequiredFields
    self.announceGenerate()
  File "toontown/building/DistributedDoor.py", line 203, in announceGenerate
    self.doPostAnnounceGenerate()
  File "toontown/building/DistributedDoor.py", line 210, in doPostAnnounceGenerate
    self.bHasFlat = not self.findDoorNode('door*flat', True).isEmpty()
AttributeError: 'NoneType' object has no attribute 'isEmpty'
