ToontownStart: Polling for game2 to finish...
ToontownStart: Game2 is finished.
ToontownStart: Starting the game.
ToontownStart: setting default font
TTLocalizer: Running in language: english
from toontown.toonbase.TTLocalizerEnglish import *
OTPLocalizer: Running in language: english
from otp.otpbase.OTPLocalizerEnglish import *
ToontownStart: Loading default gui sounds
ToontownStart: serverVersion:  tt2016-dev
Preloading avatars...
Done preloading avatars.
{401000001: <toontown.distributed.ToontownDistrict.ToontownDistrict instance at 0x143E46E8>}
entering active SC menu
local
0
Reading DNA file... phase_4/dna/storage.dna
Reading DNA file... phase_3.5/dna/storage_interior.dna
Reading DNA file... phase_4/dna/storage_TT.dna
Reading DNA file... phase_4/dna/storage_TT_sz.dna
Reading DNA file... phase_4/dna/toontown_central_sz.dna
fisherman origin:  render/loader_data/toontownCentral/fishing_pond_1/npc_fisherman_origin_0
Reading DNA file... phase_5/dna/storage_town.dna
Reading DNA file... phase_5/dna/storage_TT_town.dna
Reading DNA file... phase_5/dna/toontown_central_2200.dna
DNALandmarkBuilding sb42:toon_landmark_hqTT_DNARoot did not find **/*suit_building_origin
Battle Event localtoon-battle-event-3
entering active SC menu
Battle Event localtoon-battle-event-9
fisherman origin:  render/town_top_level/toontownCentral/2236/fishing_pond_1/npc_fisherman_origin_0
Battle Event localtoon-battle-event-15
OnscreenText.configure: mayChange == 0
OnscreenText.configure: mayChange == 0
OnscreenText.configure: mayChange == 0
OnscreenText.configure: mayChange == 0
OnscreenText.configure: mayChange == 0
OnscreenText.configure: mayChange == 0
OnscreenText.configure: mayChange == 0
OnscreenText.configure: mayChange == 0
Battle Event localtoon-battle-event-21
frame rate: 15.3 fps|0.049d|3 avs||344|360||0x15ad|0x0405|433.7MB|534.7MB|1023.5MB|391|nt.2.6.1|2.294,2.294|1,1 cpus|OpenGL
Battle Event localtoon-battle-event-27
Battle Event localtoon-battle-event-33
OnscreenText.configure: mayChange == 0
OnscreenText.configure: mayChange == 0
OnscreenText.configure: mayChange == 0
OnscreenText.configure: mayChange == 0
OnscreenText.configure: mayChange == 0
OnscreenText.configure: mayChange == 0
OnscreenText.configure: mayChange == 0
OnscreenText.configure: mayChange == 0
entering active SC menu
OnscreenText.configure: mayChange == 0
OnscreenText.configure: mayChange == 0
OnscreenText.configure: mayChange == 0
OnscreenText.configure: mayChange == 0
OnscreenText.configure: mayChange == 0
OnscreenText.configure: mayChange == 0
OnscreenText.configure: mayChange == 0
OnscreenText.configure: mayChange == 0
Reading DNA file... phase_4/dna/storage_TT_sz.dna
Reading DNA file... phase_4/dna/toontown_central_sz.dna
fisherman origin:  render/loader_data/toontownCentral/fishing_pond_1/npc_fisherman_origin_0
ignoring InputState-forward
{401000001: <toontown.distributed.ToontownDistrict.ToontownDistrict instance at 0x143E46E8>}
entering active SC menu
local
0
Reading DNA file... phase_4/dna/storage.dna
Reading DNA file... phase_3.5/dna/storage_interior.dna
Reading DNA file... phase_4/dna/storage_TT.dna
Reading DNA file... phase_4/dna/storage_TT_sz.dna
Reading DNA file... phase_4/dna/toontown_central_sz.dna
fisherman origin:  render/loader_data/toontownCentral/fishing_pond_1/npc_fisherman_origin_0
entering active SC menu
fisherman origin:  hidden/loader_data/toontownCentral/fishing_pond_1/npc_fisherman_origin_0
Reading DNA file... phase_5/dna/storage_town.dna
Reading DNA file... phase_5/dna/storage_TT_town.dna
Reading DNA file... phase_5/dna/toontown_central_2300.dna
DNALandmarkBuilding sb32:toon_landmark_hqTT_DNARoot did not find **/*suit_building_origin
fisherman origin:  render/town_top_level/toontownCentral/2341/fishing_pond_1/npc_fisherman_origin_0
frame rate: 10.1 fps|0.118d|1 avs||987|1003||0x15ad|0x0405|418.2MB|679.5MB|1023.5MB|710|nt.2.6.1|2.294,2.294|1,1 cpus|OpenGL
OnscreenText.configure: mayChange == 0
OnscreenText.configure: mayChange == 0
OnscreenText.configure: mayChange == 0
OnscreenText.configure: mayChange == 0
OnscreenText.configure: mayChange == 0
OnscreenText.configure: mayChange == 0
OnscreenText.configure: mayChange == 0
OnscreenText.configure: mayChange == 0
Reading DNA file... phase_4/dna/storage_TT_sz.dna
Reading DNA file... phase_4/dna/toontown_central_sz.dna
fisherman origin:  render/loader_data/toontownCentral/fishing_pond_1/npc_fisherman_origin_0
entering active SC menu
entering active SC menu
entering active SC menu
Reading DNA file... phase_4/dna/storage_TT_sz.dna
Reading DNA file... phase_4/dna/toontown_central_sz.dna
fisherman origin:  render/loader_data/toontownCentral/fishing_pond_1/npc_fisherman_origin_0
OnscreenText.configure: mayChange == 0
OnscreenText.configure: mayChange == 0
OnscreenText.configure: mayChange == 0
OnscreenText.configure: mayChange == 0
OnscreenText.configure: mayChange == 0
OnscreenText.configure: mayChange == 0
OnscreenText.configure: mayChange == 0
OnscreenText.configure: mayChange == 0
Reading DNA file... phase_5/dna/storage_town.dna
Reading DNA file... phase_5/dna/storage_TT_town.dna
Reading DNA file... phase_5/dna/toontown_central_2300.dna
DNALandmarkBuilding sb32:toon_landmark_hqTT_DNARoot did not find **/*suit_building_origin
frame rate: 9.7 fps|0.086d|4 avs||1287|1303||0x15ad|0x0405|465.4MB|805.8MB|1023.5MB|859|nt.2.6.1|2.294,2.294|1,1 cpus|OpenGL
fisherman origin:  render/town_top_level/toontownCentral/2341/fishing_pond_1/npc_fisherman_origin_0
fisherman origin:  render/town_top_level/toontownCentral/2341/fishing_pond_1/npc_fisherman_origin_0
Battle Event localtoon-battle-event-39
OnscreenText.configure: mayChange == 0
OnscreenText.configure: mayChange == 0
OnscreenText.configure: mayChange == 0
OnscreenText.configure: mayChange == 0
Reading DNA file... phase_4/dna/storage_TT_sz.dna
Reading DNA file... phase_4/dna/toontown_central_sz.dna
fisherman origin:  render/loader_data/toontownCentral/fishing_pond_1/npc_fisherman_origin_0
Reading DNA file... phase_5/dna/storage_town.dna
Reading DNA file... phase_5/dna/storage_TT_town.dna
