ToontownStart: Polling for game2 to finish...
ToontownStart: Game2 is finished.
ToontownStart: Starting the game.
ToontownStart: setting default font
TTLocalizer: Running in language: english
from toontown.toonbase.TTLocalizerEnglish import *
OTPLocalizer: Running in language: english
from otp.otpbase.OTPLocalizerEnglish import *
ToontownStart: Loading default gui sounds
ToontownStart: serverVersion:  tt2016-dev
Preloading avatars...
Done preloading avatars.
{401000001: <toontown.distributed.ToontownDistrict.ToontownDistrict instance at 0x134196E8>}
entering active SC menu
local
0
Reading DNA file... phase_4/dna/storage.dna
Reading DNA file... phase_3.5/dna/storage_interior.dna
Reading DNA file... phase_4/dna/storage_TT.dna
Reading DNA file... phase_4/dna/storage_TT_sz.dna
Reading DNA file... phase_4/dna/toontown_central_sz.dna
fisherman origin:  render/loader_data/toontownCentral/fishing_pond_1/npc_fisherman_origin_0
entering active SC menu
OnscreenText.configure: mayChange == 0
OnscreenText.configure: mayChange == 0
OnscreenText.configure: mayChange == 0
OnscreenText.configure: mayChange == 0
Reading DNA file... phase_5.5/dna/storage_estate.dna
Reading DNA file... phase_5.5/dna/estate_1.dna
chatButtonPressed
entering active SC menu
entering active SC menu
frame rate: 29.1 fps|0.007d|0 avs||386|398||0x15ad|0x0405|356.1MB|432.5MB|1023.5MB|376|nt.2.6.1|2.294,2.294|1,1 cpus|OpenGL
entering active SC menu
entering active SC menu
entering active SC menu
entering active SC menu
frame rate: 15.3 fps|0.089d|0 avs||752|698||0x15ad|0x0405|312.1MB|435.7MB|1023.5MB|377|nt.2.6.1|2.294,2.294|1,1 cpus|OpenGL
frame rate: 30.0 fps|0.012d|0 avs||1052|998||0x15ad|0x0405|191.1MB|435.7MB|1023.5MB|377|nt.2.6.1|2.294,2.294|1,1 cpus|OpenGL
ignoring InputState-forward
