ToontownStart: Polling for game2 to finish...
ToontownStart: Game2 is finished.
ToontownStart: Starting the game.
ToontownStart: setting default font
TTLocalizer: Running in language: english
from toontown.toonbase.TTLocalizerEnglish import *
OTPLocalizer: Running in language: english
from otp.otpbase.OTPLocalizerEnglish import *
[(1280, 800), (1152, 720), (1024, 768), (1024, 640), (800, 600), (800, 500), (640, 480), (720, 480)]
ToontownStart: serverVersion:  tt2016-dev
Traceback (most recent call last):
  File "/System/Library/Frameworks/Python.framework/Versions/2.7/lib/python2.7/runpy.py", line 162, in _run_module_as_main
    "__main__", fname, loader, pkg_name)
  File "/System/Library/Frameworks/Python.framework/Versions/2.7/lib/python2.7/runpy.py", line 72, in _run_code
    exec code in run_globals
  File "/Users/mauriceflannery/Documents/MyToontown/Toontown2016/toontown/toonbase/ToontownStart.py", line 129, in <module>
    from toontown.distributed import ToontownClientRepository
  File "toontown/distributed/ToontownClientRepository.py", line 36, in <module>
    from toontown.friends import FriendsListPanel
  File "toontown/friends/FriendsListPanel.py", line 5, in <module>
    from toontown.toon import ToonAvatarPanel
  File "toontown/toon/ToonAvatarPanel.py", line 14, in <module>
    import ToonAvatarDetailPanel
  File "toontown/toon/ToonAvatarDetailPanel.py", line 9, in <module>
    import DistributedToon
  File "toontown/toon/DistributedToon.py", line 13, in <module>
    import Toon
  File "toontown/toon/Toon.py", line 466, in <module>
    class Toon(Avatar.Avatar, ToonHead):
  File "toontown/toon/Toon.py", line 2886, in Toon
    def getTossPieInterval(self, x, y, z, h, power, throwType, beginFlyIval = Sequence()):
  File "/Developer/Panda3D/direct/interval/MetaInterval.py", line 104, in __init__
    if __debug__ and TaskManager.taskTimerVerbose:
AttributeError: class TaskManager has no attribute 'taskTimerVerbose'
