ToontownStart: Polling for game2 to finish...
ToontownStart: Game2 is finished.
ToontownStart: Starting the game.
ToontownStart: setting default font
TTLocalizer: Running in language: english
from toontown.toonbase.TTLocalizerEnglish import *
OTPLocalizer: Running in language: english
from otp.otpbase.OTPLocalizerEnglish import *
[(1280, 800), (1152, 720), (1024, 768), (1024, 640), (800, 600), (800, 500), (640, 480), (720, 480)]
ToontownStart: Loading default gui sounds
ToontownStart: serverVersion:  tt2016-dev
Preloading avatars...
Done preloading avatars.
{401000001: <toontown.distributed.ToontownDistrict.ToontownDistrict instance at 0x12b503908>}
{401000001: <toontown.distributed.ToontownDistrict.ToontownDistrict instance at 0x12b503908>}
{401000001: <toontown.distributed.ToontownDistrict.ToontownDistrict instance at 0x12b503908>}
entering active SC menu
local
0
Reading DNA file... phase_4/dna/storage.dna
Reading DNA file... phase_3.5/dna/storage_interior.dna
Reading DNA file... phase_4/dna/storage_TT.dna
Reading DNA file... phase_4/dna/storage_TT_sz.dna
Reading DNA file... phase_4/dna/toontown_central_sz.dna
fisherman origin:  render/loader_data/toontownCentral/fishing_pond_1/npc_fisherman_origin_0
OnscreenText.configure: mayChange == 0
OnscreenText.configure: mayChange == 0
OnscreenText.configure: mayChange == 0
OnscreenText.configure: mayChange == 0
OnscreenText.configure: mayChange == 0
OnscreenText.configure: mayChange == 0
OnscreenText.configure: mayChange == 0
OnscreenText.configure: mayChange == 0
OnscreenText.configure: mayChange == 0
OnscreenText.configure: mayChange == 0
OnscreenText.configure: mayChange == 0
OnscreenText.configure: mayChange == 0
OnscreenText.configure: mayChange == 0
OnscreenText.configure: mayChange == 0
OnscreenText.configure: mayChange == 0
OnscreenText.configure: mayChange == 0
fisherman origin:  hidden/loader_data/toontownCentral/fishing_pond_1/npc_fisherman_origin_0
Reading DNA file... phase_5/dna/storage_town.dna
Reading DNA file... phase_5/dna/storage_TT_town.dna
Reading DNA file... phase_5/dna/toontown_central_2300.dna
DNALandmarkBuilding sb32:toon_landmark_hqTT_DNARoot did not find **/*suit_building_origin
Traceback (most recent call last):
  File "/Developer/Panda3D/direct/showbase/EventManager.py", line 61, in eventLoopTask
    self.doEvents()
  File "/Developer/Panda3D/direct/showbase/EventManager.py", line 55, in doEvents
    processFunc(self.eventQueue.dequeueEvent())
  File "/Developer/Panda3D/direct/showbase/EventManager.py", line 122, in processEvent
    messenger.send(eventName, paramList)
  File "/Developer/Panda3D/direct/showbase/Messenger.py", line 397, in send
    self.__dispatch(acceptorDict, event, sentArgs, foundWatch)
  File "/Developer/Panda3D/direct/showbase/Messenger.py", line 482, in __dispatch
    method (*(extraArgs + sentArgs))
  File "toontown/suit/DistributedSuitPlanner.py", line 170, in __hideEdges
    self.__makePathVizText(str(p.getIndex()), pos[0], pos[1], pos[2], color, i=p.getIndex())
  File "toontown/suit/DistributedSuitPlanner.py", line 128, in __makePathVizText
    np = self.pathViz.attachNewNode(self.debugTextNode.generate())
AttributeError: 'NoneType' object has no attribute 'attachNewNode'
Traceback (most recent call last):
  File "/Developer/Panda3D/direct/showbase/ShowBase.py", line 1656, in updateManagers
    self.particleMgr.doParticles(dt)
  File "/Developer/Panda3D/direct/showbase/EventManager.py", line 61, in eventLoopTask
    self.doEvents()
  File "/Developer/Panda3D/direct/showbase/EventManager.py", line 55, in doEvents
    processFunc(self.eventQueue.dequeueEvent())
  File "/Developer/Panda3D/direct/showbase/EventManager.py", line 122, in processEvent
    messenger.send(eventName, paramList)
  File "/Developer/Panda3D/direct/showbase/Messenger.py", line 397, in send
    self.__dispatch(acceptorDict, event, sentArgs, foundWatch)
  File "/Developer/Panda3D/direct/showbase/Messenger.py", line 482, in __dispatch
    method (*(extraArgs + sentArgs))
  File "toontown/suit/DistributedSuitPlanner.py", line 170, in __hideEdges
    self.__makePathVizText(str(p.getIndex()), pos[0], pos[1], pos[2], color, i=p.getIndex())
  File "toontown/suit/DistributedSuitPlanner.py", line 128, in __makePathVizText
    np = self.pathViz.attachNewNode(self.debugTextNode.generate())
AttributeError: 'NoneType' object has no attribute 'attachNewNode'
Traceback (most recent call last):
  File "toontown/hood/TTHood.py", line 43, in skyTrack
    return SkyUtil.cloudSkyTrack(task)
  File "toontown/hood/SkyUtil.py", line 8, in cloudSkyTrack
    task.h += globalClock.getDt() * 0.25
  File "/Developer/Panda3D/direct/showbase/ShowBase.py", line 1656, in updateManagers
    self.particleMgr.doParticles(dt)
  File "/Developer/Panda3D/direct/showbase/EventManager.py", line 61, in eventLoopTask
    self.doEvents()
  File "/Developer/Panda3D/direct/showbase/EventManager.py", line 55, in doEvents
    processFunc(self.eventQueue.dequeueEvent())
  File "/Developer/Panda3D/direct/showbase/EventManager.py", line 122, in processEvent
    messenger.send(eventName, paramList)
  File "/Developer/Panda3D/direct/showbase/Messenger.py", line 397, in send
    self.__dispatch(acceptorDict, event, sentArgs, foundWatch)
  File "/Developer/Panda3D/direct/showbase/Messenger.py", line 482, in __dispatch
    method (*(extraArgs + sentArgs))
  File "toontown/suit/DistributedSuitPlanner.py", line 170, in __hideEdges
    self.__makePathVizText(str(p.getIndex()), pos[0], pos[1], pos[2], color, i=p.getIndex())
  File "toontown/suit/DistributedSuitPlanner.py", line 128, in __makePathVizText
    np = self.pathViz.attachNewNode(self.debugTextNode.generate())
AttributeError: 'NoneType' object has no attribute 'attachNewNode'
frame rate: 10.6 fps|0.053d|5 avs||408|413||0x0000|0x0000|0.0MB|0.0MB|0.0MB|0|darwin.4.10.9|0.000,0.000|0,0 cpus|OpenGL
Battle Event localtoon-battle-event-3
fisherman origin:  render/town_top_level/toontownCentral/2341/fishing_pond_1/npc_fisherman_origin_0
OnscreenText.configure: mayChange == 0
OnscreenText.configure: mayChange == 0
OnscreenText.configure: mayChange == 0
OnscreenText.configure: mayChange == 0
Reading DNA file... phase_4/dna/storage_TT_sz.dna
Reading DNA file... phase_4/dna/toontown_central_sz.dna
fisherman origin:  render/loader_data/toontownCentral/fishing_pond_1/npc_fisherman_origin_0
fisherman origin:  hidden/loader_data/toontownCentral/fishing_pond_1/npc_fisherman_origin_0
frame rate: 10.8 fps|0.060d|4 avs||708|714||0x0000|0x0000|0.0MB|0.0MB|0.0MB|0|darwin.4.10.9|0.000,0.000|0,0 cpus|OpenGL
frame rate: 12.8 fps|0.009d|4 avs||1009|1014||0x0000|0x0000|0.0MB|0.0MB|0.0MB|0|darwin.4.10.9|0.000,0.000|0,0 cpus|OpenGL
entering active SC menu
entering active SC menu
entering active SC menu
entering active SC menu
entering active SC menu
ignoring InputState-forwardTraceback (most recent call last):
Exception occurred while processing Func-show-8 of Sequence-9:Traceback (most recent call last):
Traceback (most recent call last):
Traceback (most recent call last):
Traceback (most recent call last):
Traceback (most recent call last):
Traceback (most recent call last):
Traceback (most recent call last):
Traceback (most recent call last):
Traceback (most recent call last):
Traceback (most recent call last):
Traceback (most recent call last):
Traceback (most recent call last):
Traceback (most recent call last):
Traceback (most recent call last):
Traceback (most recent call last):
Traceback (most recent call last):
Traceback (most recent call last):
Traceback (most recent call last):
Traceback (most recent call last):
Traceback (most recent call last):
Traceback (most recent call last):
Traceback (most recent call last):
Traceback (most recent call last):
Traceback (most recent call last):
Traceback (most recent call last):
Traceback (most recent call last):
Traceback (most recent call last):
Traceback (most recent call last):
Traceback (most recent call last):
Traceback (most recent call last):
Traceback (most recent call last):
Traceback (most recent call last):
Traceback (most recent call last):
Traceback (most recent call last):
Traceback (most recent call last):
Traceback (most recent call last):
Traceback (most recent call last):
Traceback (most recent call last):
Traceback (most recent call last):
Traceback (most recent call last):
Traceback (most recent call last):
Traceback (most recent call last):
Traceback (most recent call last):
Traceback (most recent call last):
Traceback (most recent call last):
Traceback (most recent call last):
Traceback (most recent call last):
Traceback (most recent call last):
Traceback (most recent call last):
Traceback (most recent call last):
Traceback (most recent call last):
Traceback (most recent call last):
Traceback (most recent call last):
Traceback (most recent call last):
Traceback (most recent call last):
Traceback (most recent call last):
Traceback (most recent call last):
Traceback (most recent call last):
Traceback (most recent call last):
Traceback (most recent call last):
Traceback (most recent call last):
Traceback (most recent call last):
Traceback (most recent call last):
Traceback (most recent call last):
Traceback (most recent call last):
Traceback (most recent call last):
Traceback (most recent call last):
Traceback (most recent call last):
Traceback (most recent call last):
Traceback (most recent call last):
